4490 3030
4490 1500
6720 1500
6720 3030
4490 3030

9010 9990
9010 6180
9130 6180
9130 9990
9010 9990

1820 7810
1820 1130
2730 1130
2730 7810
1820 7810

6450 3860
6450 3650
9250 3650
9250 3860
6450 3860

5070 7490
5070 6260
8210 6260
8210 7490
5070 7490

6740 5770
6740 4160
9580 4160
9580 5770
6740 5770

2180 9830
2180 7830
7670 7830
7670 9830
2180 9830

7950 3010
7950 2600
9570 2600
9570 3010
7950 3010

4460 1040
4460 850
5790 850
5790 1040
4460 1040

9840 8550
9840 2740
9940 2740
9940 8550
9840 8550

